<?xml version="1.0" encoding="UTF-8"?>
<coverage generated="1713177649177" clover="3.2.0">
  <project timestamp="1713177649177" name="All files">
    <metrics statements="44" coveredstatements="44" conditionals="26" coveredconditionals="25" methods="15" coveredmethods="15" elements="85" coveredelements="84" complexity="0" loc="44" ncloc="44" packages="1" files="6" classes="6"/>
    <file name="findIntLocationsInArray.ts" path="/home/runner/work/code-katas/code-katas/src/findIntLocationsInArray.ts">
      <metrics statements="7" coveredstatements="7" conditionals="2" coveredconditionals="2" methods="2" coveredmethods="2"/>
      <line num="2" count="1" type="stmt"/>
      <line num="3" count="6" type="stmt"/>
      <line num="4" count="6" type="stmt"/>
      <line num="5" count="80" type="stmt"/>
      <line num="6" count="80" type="cond" truecount="2" falsecount="0"/>
      <line num="7" count="80" type="stmt"/>
      <line num="9" count="6" type="stmt"/>
    </file>
    <file name="hexToRgb.ts" path="/home/runner/work/code-katas/code-katas/src/hexToRgb.ts">
      <metrics statements="6" coveredstatements="6" conditionals="6" coveredconditionals="6" methods="3" coveredmethods="3"/>
      <line num="2" count="1" type="stmt"/>
      <line num="3" count="4" type="stmt"/>
      <line num="4" count="12" type="stmt"/>
      <line num="8" count="12" type="cond" truecount="4" falsecount="0"/>
      <line num="9" count="12" type="stmt"/>
      <line num="10" count="12" type="cond" truecount="2" falsecount="0"/>
    </file>
    <file name="isIsogram.ts" path="/home/runner/work/code-katas/code-katas/src/isIsogram.ts">
      <metrics statements="7" coveredstatements="7" conditionals="0" coveredconditionals="0" methods="3" coveredmethods="3"/>
      <line num="2" count="1" type="stmt"/>
      <line num="3" count="5" type="stmt"/>
      <line num="8" count="5" type="stmt"/>
      <line num="10" count="32" type="stmt"/>
      <line num="11" count="32" type="stmt"/>
      <line num="12" count="32" type="stmt"/>
      <line num="14" count="28" type="stmt"/>
    </file>
    <file name="pokemonBattle.ts" path="/home/runner/work/code-katas/code-katas/src/pokemonBattle.ts">
      <metrics statements="8" coveredstatements="8" conditionals="4" coveredconditionals="4" methods="1" coveredmethods="1"/>
      <line num="11" count="1" type="stmt"/>
      <line num="34" count="1" type="stmt"/>
      <line num="35" count="7" type="stmt"/>
      <line num="36" count="7" type="cond" truecount="2" falsecount="0"/>
      <line num="37" count="2" type="stmt"/>
      <line num="38" count="5" type="cond" truecount="2" falsecount="0"/>
      <line num="39" count="2" type="stmt"/>
      <line num="41" count="7" type="stmt"/>
    </file>
    <file name="titleCase.ts" path="/home/runner/work/code-katas/code-katas/src/titleCase.ts">
      <metrics statements="7" coveredstatements="7" conditionals="12" coveredconditionals="11" methods="5" coveredmethods="5"/>
      <line num="2" count="1" type="stmt"/>
      <line num="3" count="6" type="stmt"/>
      <line num="4" count="7" type="cond" truecount="2" falsecount="0"/>
      <line num="5" count="6" type="stmt"/>
      <line num="7" count="23" type="stmt"/>
      <line num="8" count="23" type="cond" truecount="5" falsecount="1"/>
      <line num="16" count="19" type="stmt"/>
    </file>
    <file name="visuallyIdenticalString.ts" path="/home/runner/work/code-katas/code-katas/src/visuallyIdenticalString.ts">
      <metrics statements="9" coveredstatements="9" conditionals="2" coveredconditionals="2" methods="1" coveredmethods="1"/>
      <line num="1" count="1" type="stmt"/>
      <line num="2" count="4" type="stmt"/>
      <line num="57" count="4" type="stmt"/>
      <line num="58" count="4" type="stmt"/>
      <line num="59" count="35" type="cond" truecount="2" falsecount="0"/>
      <line num="61" count="4" type="stmt"/>
      <line num="65" count="1" type="stmt"/>
      <line num="66" count="1" type="stmt"/>
      <line num="67" count="1" type="stmt"/>
    </file>
  </project>
</coverage>
