{"/home/runner/work/code-katas/code-katas/src/findIntLocationsInArray.ts": {"path":"/home/runner/work/code-katas/code-katas/src/findIntLocationsInArray.ts","statementMap":{"0":{"start":{"line":3,"column":32},"end":{"line":3,"column":34}},"1":{"start":{"line":4,"column":1},"end":{"line":8,"column":4}},"2":{"start":{"line":5,"column":20},"end":{"line":5,"column":34}},"3":{"start":{"line":6,"column":2},"end":{"line":6,"column":40}},"4":{"start":{"line":7,"column":2},"end":{"line":7,"column":19}},"5":{"start":{"line":9,"column":1},"end":{"line":9,"column":21}},"6":{"start":{"line":2,"column":0},"end":{"line":2,"column":16}}},"fnMap":{"0":{"name":"findIntLocationsInArray","decl":{"start":{"line":2,"column":16},"end":{"line":2,"column":39}},"loc":{"start":{"line":2,"column":71},"end":{"line":10,"column":1}}},"1":{"name":"(anonymous_1)","decl":{"start":{"line":4,"column":14},"end":{"line":4,"column":15}},"loc":{"start":{"line":4,"column":32},"end":{"line":8,"column":2}}}},"branchMap":{"0":{"loc":{"start":{"line":6,"column":2},"end":{"line":6,"column":11}},"type":"binary-expr","locations":[{"start":{"line":6,"column":2},"end":{"line":6,"column":11}},{"start":{"line":6,"column":15},"end":{"line":6,"column":39}}]}},"s":{"0":6,"1":6,"2":80,"3":80,"4":80,"5":6,"6":1},"f":{"0":6,"1":80},"b":{"0":[80,7]}}
,"/home/runner/work/code-katas/code-katas/src/hexToRgb.ts": {"path":"/home/runner/work/code-katas/code-katas/src/hexToRgb.ts","statementMap":{"0":{"start":{"line":3,"column":18},"end":{"line":3,"column":27}},"1":{"start":{"line":4,"column":1},"end":{"line":4,"column":60}},"2":{"start":{"line":4,"column":29},"end":{"line":4,"column":49}},"3":{"start":{"line":2,"column":0},"end":{"line":2,"column":24}},"4":{"start":{"line":8,"column":1},"end":{"line":8,"column":63}},"5":{"start":{"line":9,"column":25},"end":{"line":9,"column":60}},"6":{"start":{"line":10,"column":1},"end":{"line":10,"column":55}}},"fnMap":{"0":{"name":"rgb","decl":{"start":{"line":2,"column":24},"end":{"line":2,"column":27}},"loc":{"start":{"line":2,"column":59},"end":{"line":5,"column":1}}},"1":{"name":"(anonymous_1)","decl":{"start":{"line":4,"column":21},"end":{"line":4,"column":25}},"loc":{"start":{"line":4,"column":29},"end":{"line":4,"column":49}}},"2":{"name":"hexPartConvert","decl":{"start":{"line":7,"column":9},"end":{"line":7,"column":23}},"loc":{"start":{"line":7,"column":40},"end":{"line":11,"column":1}}}},"branchMap":{"0":{"loc":{"start":{"line":8,"column":29},"end":{"line":8,"column":32}},"type":"cond-expr","locations":[{"start":{"line":8,"column":29},"end":{"line":8,"column":32}},{"start":{"line":8,"column":35},"end":{"line":8,"column":62}}]},"1":{"loc":{"start":{"line":8,"column":50},"end":{"line":8,"column":51}},"type":"cond-expr","locations":[{"start":{"line":8,"column":50},"end":{"line":8,"column":51}},{"start":{"line":8,"column":54},"end":{"line":8,"column":62}}]},"2":{"loc":{"start":{"line":10,"column":31},"end":{"line":10,"column":38}},"type":"cond-expr","locations":[{"start":{"line":10,"column":31},"end":{"line":10,"column":38}},{"start":{"line":10,"column":41},"end":{"line":10,"column":54}}]}},"s":{"0":4,"1":4,"2":12,"3":1,"4":12,"5":12,"6":12},"f":{"0":4,"1":12,"2":12},"b":{"0":[3,9],"1":[3,6],"2":[6,6]}}
,"/home/runner/work/code-katas/code-katas/src/isIsogram.ts": {"path":"/home/runner/work/code-katas/code-katas/src/isIsogram.ts","statementMap":{"0":{"start":{"line":3,"column":30},"end":{"line":6,"column":9}},"1":{"start":{"line":8,"column":1},"end":{"line":14,"column":32}},"2":{"start":{"line":10,"column":15},"end":{"line":10,"column":36}},"3":{"start":{"line":11,"column":3},"end":{"line":11,"column":23}},"4":{"start":{"line":12,"column":3},"end":{"line":12,"column":14}},"5":{"start":{"line":14,"column":17},"end":{"line":14,"column":30}},"6":{"start":{"line":2,"column":0},"end":{"line":2,"column":24}}},"fnMap":{"0":{"name":"isIsogram","decl":{"start":{"line":2,"column":24},"end":{"line":2,"column":33}},"loc":{"start":{"line":2,"column":46},"end":{"line":15,"column":1}}},"1":{"name":"(anonymous_1)","decl":{"start":{"line":9,"column":7},"end":{"line":9,"column":8}},"loc":{"start":{"line":9,"column":26},"end":{"line":13,"column":3}}},"2":{"name":"(anonymous_2)","decl":{"start":{"line":14,"column":9},"end":{"line":14,"column":13}},"loc":{"start":{"line":14,"column":17},"end":{"line":14,"column":30}}}},"branchMap":{},"s":{"0":5,"1":5,"2":32,"3":32,"4":32,"5":28,"6":1},"f":{"0":5,"1":32,"2":28},"b":{}}
,"/home/runner/work/code-katas/code-katas/src/pokemonBattle.ts": {"path":"/home/runner/work/code-katas/code-katas/src/pokemonBattle.ts","statementMap":{"0":{"start":{"line":11,"column":36},"end":{"line":32,"column":2}},"1":{"start":{"line":35,"column":26},"end":{"line":35,"column":27}},"2":{"start":{"line":36,"column":1},"end":{"line":40,"column":null}},"3":{"start":{"line":37,"column":2},"end":{"line":37,"column":17}},"4":{"start":{"line":38,"column":8},"end":{"line":40,"column":null}},"5":{"start":{"line":39,"column":2},"end":{"line":39,"column":19}},"6":{"start":{"line":41,"column":1},"end":{"line":41,"column":45}},"7":{"start":{"line":34,"column":0},"end":{"line":34,"column":16}}},"fnMap":{"0":{"name":"calculateDamage","decl":{"start":{"line":34,"column":16},"end":{"line":34,"column":31}},"loc":{"start":{"line":34,"column":103},"end":{"line":42,"column":1}}}},"branchMap":{"0":{"loc":{"start":{"line":36,"column":1},"end":{"line":40,"column":null}},"type":"if","locations":[{"start":{"line":36,"column":1},"end":{"line":40,"column":null}},{"start":{"line":36,"column":1},"end":{"line":40,"column":null}}]},"1":{"loc":{"start":{"line":38,"column":8},"end":{"line":40,"column":null}},"type":"if","locations":[{"start":{"line":38,"column":8},"end":{"line":40,"column":null}},{"start":{"line":38,"column":8},"end":{"line":40,"column":null}}]}},"s":{"0":1,"1":7,"2":7,"3":2,"4":5,"5":2,"6":7,"7":1},"f":{"0":7},"b":{"0":[2,5],"1":[2,3]}}
,"/home/runner/work/code-katas/code-katas/src/titleCase.ts": {"path":"/home/runner/work/code-katas/code-katas/src/titleCase.ts","statementMap":{"0":{"start":{"line":3,"column":18},"end":{"line":3,"column":34}},"1":{"start":{"line":4,"column":23},"end":{"line":4,"column":84}},"2":{"start":{"line":4,"column":68},"end":{"line":4,"column":83}},"3":{"start":{"line":5,"column":1},"end":{"line":14,"column":13}},"4":{"start":{"line":7,"column":19},"end":{"line":7,"column":37}},"5":{"start":{"line":8,"column":3},"end":{"line":12,"column":26}},"6":{"start":{"line":2,"column":0},"end":{"line":2,"column":16}},"7":{"start":{"line":16,"column":19},"end":{"line":16,"column":88}},"8":{"start":{"line":16,"column":37},"end":{"line":16,"column":88}},"9":{"start":{"line":16,"column":68},"end":{"line":16,"column":87}}},"fnMap":{"0":{"name":"titleCase","decl":{"start":{"line":2,"column":16},"end":{"line":2,"column":25}},"loc":{"start":{"line":2,"column":60},"end":{"line":15,"column":1}}},"1":{"name":"(anonymous_1)","decl":{"start":{"line":4,"column":63},"end":{"line":4,"column":64}},"loc":{"start":{"line":4,"column":68},"end":{"line":4,"column":83}}},"2":{"name":"(anonymous_2)","decl":{"start":{"line":6,"column":7},"end":{"line":6,"column":8}},"loc":{"start":{"line":6,"column":23},"end":{"line":13,"column":3}}},"3":{"name":"(anonymous_3)","decl":{"start":{"line":16,"column":19},"end":{"line":16,"column":20}},"loc":{"start":{"line":16,"column":37},"end":{"line":16,"column":88}}},"4":{"name":"(anonymous_4)","decl":{"start":{"line":16,"column":59},"end":{"line":16,"column":64}},"loc":{"start":{"line":16,"column":68},"end":{"line":16,"column":87}}}},"branchMap":{"0":{"loc":{"start":{"line":4,"column":23},"end":{"line":4,"column":33}},"type":"binary-expr","locations":[{"start":{"line":4,"column":23},"end":{"line":4,"column":33}},{"start":{"line":4,"column":37},"end":{"line":4,"column":84}}]},"1":{"loc":{"start":{"line":9,"column":6},"end":{"line":11,"column":14}},"type":"cond-expr","locations":[{"start":{"line":9,"column":6},"end":{"line":11,"column":14}},{"start":{"line":12,"column":6},"end":{"line":12,"column":25}}]},"2":{"loc":{"start":{"line":8,"column":10},"end":{"line":8,"column":23}},"type":"binary-expr","locations":[{"start":{"line":8,"column":10},"end":{"line":8,"column":23}},{"start":{"line":8,"column":23},"end":{"line":8,"column":59}}]},"3":{"loc":{"start":{"line":8,"column":40},"end":{"line":8,"column":42}},"type":"cond-expr","locations":[{"start":{"line":8,"column":40},"end":{"line":8,"column":42}},{"start":{"line":8,"column":40},"end":{"line":8,"column":59}}]},"4":{"loc":{"start":{"line":8,"column":23},"end":{"line":8,"column":42}},"type":"binary-expr","locations":[{"start":{"line":8,"column":23},"end":{"line":8,"column":42}},{"start":{"line":8,"column":40},"end":{"line":8,"column":42}}]},"5":{"loc":{"start":{"line":10,"column":7},"end":{"line":10,"column":26}},"type":"cond-expr","locations":[{"start":{"line":10,"column":7},"end":{"line":10,"column":26}},{"start":{"line":11,"column":7},"end":{"line":11,"column":14}}]}},"s":{"0":6,"1":6,"2":7,"3":6,"4":23,"5":23,"6":1,"7":1,"8":19,"9":18},"f":{"0":6,"1":7,"2":23,"3":19,"4":18},"b":{"0":[6,3],"1":[6,17],"2":[23,14],"3":[0,14],"4":[14,14],"5":[2,4]}}
,"/home/runner/work/code-katas/code-katas/src/visuallyIdenticalString.ts": {"path":"/home/runner/work/code-katas/code-katas/src/visuallyIdenticalString.ts","statementMap":{"0":{"start":{"line":2,"column":60},"end":{"line":55,"column":6}},"1":{"start":{"line":57,"column":17},"end":{"line":57,"column":19}},"2":{"start":{"line":58,"column":4},"end":{"line":60,"column":null}},"3":{"start":{"line":59,"column":8},"end":{"line":59,"column":53}},"4":{"start":{"line":61,"column":4},"end":{"line":61,"column":18}},"5":{"start":{"line":1,"column":0},"end":{"line":1,"column":16}},"6":{"start":{"line":65,"column":20},"end":{"line":65,"column":33}},"7":{"start":{"line":66,"column":32},"end":{"line":66,"column":69}},"8":{"start":{"line":67,"column":0},"end":{"line":67,"column":37}}},"fnMap":{"0":{"name":"replaceVisuallyIdentical","decl":{"start":{"line":1,"column":16},"end":{"line":1,"column":40}},"loc":{"start":{"line":1,"column":54},"end":{"line":62,"column":1}}}},"branchMap":{"0":{"loc":{"start":{"line":59,"column":18},"end":{"line":59,"column":44}},"type":"binary-expr","locations":[{"start":{"line":59,"column":18},"end":{"line":59,"column":44}},{"start":{"line":59,"column":48},"end":{"line":59,"column":52}}]}},"s":{"0":4,"1":4,"2":4,"3":35,"4":4,"5":1,"6":1,"7":1,"8":1},"f":{"0":4},"b":{"0":[35,15]}}
}
