TN:
SF:/home/runner/work/code-katas/code-katas/src/findIntLocationsInArray.ts
FN:2,findIntLocationsInArray
FN:4,(anonymous_1)
FNF:2
FNH:2
FNDA:6,findIntLocationsInArray
FNDA:80,(anonymous_1)
DA:2,1
DA:3,6
DA:4,6
DA:5,80
DA:6,80
DA:7,80
DA:9,6
LF:7
LH:7
BRDA:6,0,0,80
BRDA:6,0,1,7
BRF:2
BRH:2
end_of_record
TN:
SF:/home/runner/work/code-katas/code-katas/src/hexToRgb.ts
FN:2,rgb
FN:4,(anonymous_1)
FN:7,hexPartConvert
FNF:3
FNH:3
FNDA:4,rgb
FNDA:12,(anonymous_1)
FNDA:12,hexPartConvert
DA:2,1
DA:3,4
DA:4,12
DA:8,12
DA:9,12
DA:10,12
LF:6
LH:6
BRDA:8,0,0,3
BRDA:8,0,1,9
BRDA:8,1,0,3
BRDA:8,1,1,6
BRDA:10,2,0,6
BRDA:10,2,1,6
BRF:6
BRH:6
end_of_record
TN:
SF:/home/runner/work/code-katas/code-katas/src/isIsogram.ts
FN:2,isIsogram
FN:9,(anonymous_1)
FN:14,(anonymous_2)
FNF:3
FNH:3
FNDA:5,isIsogram
FNDA:32,(anonymous_1)
FNDA:28,(anonymous_2)
DA:2,1
DA:3,5
DA:8,5
DA:10,32
DA:11,32
DA:12,32
DA:14,28
LF:7
LH:7
BRF:0
BRH:0
end_of_record
TN:
SF:/home/runner/work/code-katas/code-katas/src/pokemonBattle.ts
FN:34,calculateDamage
FNF:1
FNH:1
FNDA:7,calculateDamage
DA:11,1
DA:34,1
DA:35,7
DA:36,7
DA:37,2
DA:38,5
DA:39,2
DA:41,7
LF:8
LH:8
BRDA:36,0,0,2
BRDA:36,0,1,5
BRDA:38,1,0,2
BRDA:38,1,1,3
BRF:4
BRH:4
end_of_record
TN:
SF:/home/runner/work/code-katas/code-katas/src/titleCase.ts
FN:2,titleCase
FN:4,(anonymous_1)
FN:6,(anonymous_2)
FN:16,(anonymous_3)
FN:16,(anonymous_4)
FNF:5
FNH:5
FNDA:6,titleCase
FNDA:7,(anonymous_1)
FNDA:23,(anonymous_2)
FNDA:19,(anonymous_3)
FNDA:18,(anonymous_4)
DA:2,1
DA:3,6
DA:4,7
DA:5,6
DA:7,23
DA:8,23
DA:16,19
LF:7
LH:7
BRDA:4,0,0,6
BRDA:4,0,1,3
BRDA:9,1,0,6
BRDA:9,1,1,17
BRDA:8,2,0,23
BRDA:8,2,1,14
BRDA:8,3,0,0
BRDA:8,3,1,14
BRDA:8,4,0,14
BRDA:8,4,1,14
BRDA:10,5,0,2
BRDA:10,5,1,4
BRF:12
BRH:11
end_of_record
